[    0.000000] Initializing cgroup subsysput
[    0.000000] Initializing cgroup suyspu
[    0.000000] Initializing cgroup ssycpuat
[   0.000000] Luxersion 4.4.0-77-nec (buildd@lgw01-) cc version 5.4.0 20160609 (Ubuntu 5.4.0-6ubuntu1~16.04.4) ) #98-Ubuntu SMP Wedpr6 08:34:02 UTC 27 buntu 4.4.0-77.9geric 4.4.59)
[    0.000000] Command line: BOOT_IMAGE=/boot/vmlinuz-4.4.0-77-generic root=LABEL=cloudimg-rootfs ro console=tty1 console=ttyS0
[    0.000000] KERNEL supported cpus:
[    0.000000]   Intel GenuineIntel
[    0.00]   AMD AuthentiMD
[    0.000000  ntaur CentaurHauls
[    0.000000] x86/fpuxste_offset[2]:  576, xste_zes[2]:  256
[  000000] x/f: Suportg XSAVE feature 01'x87 fatng point registers'
[    0.00] x86/fpu: SuppoinXSAVE atrex0 'SSE registers'[   0.000000] x8fp Supporting XSAVfeure 0x04: 'AVX registers'
[    0.000000] x86/fpu: Enabled xstate features 0x7, context size is 832 bytes, using 'standard' format.
[    0.000000] x86/fpu: Using 'lazy' FPU context switches.
[    0.000000] e820: BIOS-provided physical RAM map:
[    0.000000] BIOS-e820: [mem 0x0000000000000000-0x000000000009fbff] usable
[    0.00000 BS-e820: [mem 0x000000000009fc00-0x00000000ffff] reserved
[    0.000000] BIOS-e820[m 0x00000000000f0000-0x00000000000fffff] reserved
[    0.000000] BIOS-e820: [mem 0x0000000000100000-0x000000003ffeffff] usable
[    0.000000] BIOS-e820: [mem 0x000000003fff0000-0x000000003fffffff] ACPI data
[    0.000000] BIOS-e820: [mem 0x00000000fffc0000-0x00000000ffffffff] reserved
[    0.000000] NX (Execute Disable) protection: active
[    0.000000] SMBIOS 2.5 present.
[    0.000000] Hypervisor detected: KVM
[    0.000000] e820: last_pfn = 0x3fff0 max_arch_pfn = 0x400000000
[    0.000000] MTRR: Disabled
[    0.000000] x86/PAT: MTRRs disabled, skipping PAT initialization too.
[    0.000000] x86/PAT: Configuration [0-7]: WB  WT  UC- UC  WB  WT  UC- UC  
[    0.000000] CPU MTRRs all blank - virtualized system.
[    0.000000] found SMP MP-table at [mem 0x0009fff0-0x0009ffff] mapped at [ffff88000009fff0]
[    0.000000] Scanning 1 areas for low memory corruption
[    0.000000] RAMDISK: [mem 0x36ae2000-0x37568fff]
[    0.000000] ACPI: Early table checksum verification disabled
[    0.000000] ACPI: RSDP 0x00000000000E0000 000024 (v02 VBOX  )
[    0.000000] ACPI: XSDT 0x000000003FFF0030 00003C (v01 VBOX   VBOXXSDT 00000001 ASL  00000061)
[    0.000000] ACPI: FACP 0x000000003FFF00F0 0000F4 (v04 VBOX   VBOXFACP 00000001 ASL  00000061)
[    0.000000] ACPI: DSDT 0x000000003FFF0470 002118 (v01 VBOX   VBOXBIOS 00000002 INTL 20160108)
[    0.000000] ACPI: FACS 0x000000003FFF0200 000040
[    0.000000] ACPI: FACS 0x000000003FFF0200 000040
[    0.000000] ACPI: APIC 0x000000003FFF0240 00005C (v02 VBOX   VBOXAPIC 00000001 ASL  00000061)
[    0.000000] ACPI: SSDT 0x000000003FFF02A0 0001CC (v01 VBOX   VBOXCPUT 00000002 INTL 20160108)
[    0.000000] No NUMA configuration found
[    0.000000] Faking a node at [mem 0x0000000000000000-0x000000003ffeffff]
[    0.000000] NODE_DATA(0) allocated [mem 0x3ffeb000-0x3ffeffff]
[    0.000000] kvm-clock: Using msrs 4b564d01 and 4b564d00
[    0.000000] kvm-clock: cpu 0, msr 0:3ffe3001, primary cpu clock
[    0.000000] kvm-clock: using sched offset of 3221378943 cycles
[    0.000000] clocksource: kvm-clock: mask: 0xffffffffffffffff max_cycles: 0x1cd42e4dffb, max_idle_ns: 881590591483 ns
[    0.000000] Zone ranges:
[    0.000000]   DMA      [mem 0x0000000000001000-0x0000000000ffffff]
[    0.000000]   DMA32    [mem 0x0000000001000000-0x000000003ffeffff]
[    0.000000]   Normal   empty
[    0.000000]   Device   empty
[    0.000000] Movable zone start for each node
[    0.000000] Early memory node ranges
[    0.000000]   node   0: [mem 0x0000000000001000-0x000000000009efff]
[    0.000000]   node   0: [mem 0x0000000000100000-0x000000003ffeffff]
[    0.000000] Initmem setup node 0 [mem 0x0000000000001000-0x000000003ffeffff]
[    0.000000] ACPI: PM-Timer IO Port: 0x4008
[    0.000000] IOAPIC[0]: apic_id 2, version 17, address 0xfec00000, GSI 0-23
[    0.000000] ACPI: INT_SRC_OVR (bus 0 bus_irq 0 global_irq 2 dfl dfl)
[    0.000000] ACPI: INT_SRC_OVR (bus 0 bus_irq 9 global_irq 9 high level)
[    0.000000] Using ACPI (MADT) for SMP configuration information
[    0.000000] smpboot: Allowing 2 CPUs, 0 hotplug CPUs
[    0.000000] PM: Registered nosave memory: [mem 0x00000000-0x00000fff]
[    0.000000] PM: Registered nosave memory: [mem 0x0009f000-0x0009ffff]
[    0.000000] PM: Registered nosave memory: [mem 0x000a0000-0x000effff]
[    0.000000] PM: Registered nosave memory: [mem 0x000f0000-0x000fffff]
[    0.000000] e820: [mem 0x40000000-0xfffbffff] available for PCI devices
[    0.000000] Booting paravirtualized kernel on KVM
[    0.000000] clocksource: refined-jiffies: mask: 0xffffffff max_cycles: 0xffffffff, max_idle_ns: 7645519600211568 ns
[    0.000000] setup_percpu: NR_CPUS:512 nr_cpumask_bits:512 nr_cpu_ids:2 nr_node_ids:1
[    0.000000] PERCPU: Embedded 33 pages/cpu @ffff88003fc00000 s98264 r8192 d28712 u1048576
[    0.000000] PV qspinlock hash table entries: 256 (order: 0, 4096 bytes)
[    0.000000] Built 1 zonelists in Node order, mobility grouping on.  Total pages: 257913
[    0.000000] Policy zone: DMA32
[    0.000000] Kernel command line: BOOT_IMAGE=/boot/vmlinuz-4.4.0-77-generic root=LABEL=cloudimg-rootfs ro console=tty1 console=ttyS0
[    0.000000] PID hash table entries: 4096 (order: 3, 32768 bytes)
[    0.000000] Memory: 1001800K/1048120K available (8449K kernel code, 1294K rwdata, 3980K rodata, 1484K init, 1316K bss, 46320K reserved, 0K cma-reserved)
[    0.000000] SLUB: HWalign=64, Order=0-3, MinObjects=0, CPUs=2, Nodes=1
[    0.000000] Hierarchical RCU implementation.
[    0.000000] 	Build-time adjustment of leaf fanout to 64.
[    0.000000] 	RCU restricting CPUs from NR_CPUS=512 to nr_cpu_ids=2.
[    0.000000] RCU: Adjusting geometry for rcu_fanout_leaf=64, nr_cpu_ids=2
[    0.000000] NR_IRQS:33024 nr_irqs:440 16
[    0.000000] Console: colour VGA+ 80x25
[    0.000000] console [tty1] enabled
[    0.000000] console [ttyS0] enabled
[    0.000000] tsc: Detected 3092.922 MHz processor
[    3.928264] Calibrating delay loop (skipped) preset value.. 6185.84 BogoMIPS (lpj=12371688)
[    3.929710] pid_max: default: 32768 minimum: 301
[    3.930477] ACPI: Core revision 20150930
[    3.932159] ACPI: 2 ACPI AML tables successfully acquired and loaded
[    3.947060] Security Framework initialized
[    3.947792] Yama: becoming mindful.
[    3.948444] AppArmor: AppArmor initialized
[    3.949220] Dentry cache hash table entries: 131072 (order: 8, 1048576 bytes)
[    3.950442] Inode-cache hash table entries: 65536 (order: 7, 524288 bytes)
[    3.951988] Mount-cache hash table entries: 2048 (order: 2, 16384 bytes)
[    4.082167] Mountpoint-cache hash table entries: 2048 (order: 2, 16384 bytes)
[    4.083363] Initializing cgroup subsys io
[    4.084109] Initializing cgroup subsys memory
[    4.084847] Initializing cgroup subsys devices
[    4.085595] Initializing cgroup subsys freezer
[    4.086346] Initializing cgroup subsys net_cls
[    4.087093] Initializing cgroup subsys perf_event
[    4.087895] Initializing cgroup subsys net_prio
[    4.088652] Initializing cgroup subsys hugetlb
[    4.089395] Initializing cgroup subsys pids
[    4.090184] CPU: Physical Processor ID: 0
[    4.090877] CPU: Processor Core ID: 0
[    4.091597] mce: CPU supports 0 MCE banks
[    4.092318] Last level iTLB entries: 4KB 512, 2MB 8, 4MB 8
[    4.093179] Last level dTLB entries: 4KB 512, 2MB 32, 4MB 32, 1GB 0
[    4.096005] Freeing SMP alternatives memory: 32K (ffffffff820b8000 - ffffffff820c0000)
[    4.105347] ftrace: allocating 32117 entries in 126 pages
[    4.194689] smpboot: APIC(0) Converting physical 0 to logical package 0
[    4.311818] smpboot: Max logical packages: 1
[    4.334508] ..TIMER: vector=0x30 apic1=0 pin1=2 apic2=-1 pin2=-1
[    4.443589] smpboot: CPU0: Intel(R) Core(TM) i5-2400 CPU @ 3.10GHz (family: 0x6, model: 0x2a, stepping: 0x7)
[    4.510285] Performance Events: unsupported p6 CPU model 42 no PMU driver, software events only.
[    4.521365] KVM setup paravirtual spinlock
[    4.562668] x86: Booting SMP configuration:
[    4.588952] .... node  #0, CPUs:      #1
[    4.589788] kvm-clock: cpu 1, msr 0:3ffe3041, secondary cpu clock
[    4.671662] mce: CPU supports 0 MCE banks
[    4.821633] x86: Booted up 1 node, 2 CPUs
[    4.841155] smpboot: Total of 2 processors activated (12371.68 BogoMIPS)
[    4.859245] devtmpfs: initialized
[    4.861391] evm: security.selinux
[    4.862048] evm: security.SMACK64
[    4.866254] evm: security.SMACK64EXEC
[    4.866905] evm: security.SMACK64TRANSMUTE
[    4.867599] evm: security.SMACK64MMAP
[    4.868280] evm: security.ima
[    4.868868] evm: security.capability
[    4.869741] clocksource: jiffies: mask: 0xffffffff max_cycles: 0xffffffff, max_idle_ns: 7645041785100000 ns
[    4.871278] futex hash table entries: 512 (order: 3, 32768 bytes)
[    4.872413] pinctrl core: initialized pinctrl subsystem
[    4.873347] RTC time: 12:40:00, date: 05/10/17
[    4.896684] NET: Registered protocol family 16
[    5.000669] cpuidle: using governor ladder
[    5.040023] cpuidle: using governor menu
[    5.042180] PCCT header not found.
[    5.042874] ACPI: bus type PCI registered
[    5.043568] acpiphp: ACPI Hot Plug PCI Controller Driver version: 0.5
[    5.157800] PCI: Using configuration type 1 for base access
[    5.176850] ACPI: Added _OSI(Module Device)
[    5.189160] ACPI: Added _OSI(Processor Device)
[    5.189920] ACPI: Added _OSI(3.0 _SCP Extensions)
[    5.215206] ACPI: Added _OSI(Processor Aggregator Device)
[    5.246921] ACPI: Executed 1 blocks of module-level executable AML code
[    5.249668] ACPI: Interpreter enabled
[    5.250348] ACPI: (supports S0 S5)
[    5.250962] ACPI: Using IOAPIC for interrupt routing
[    5.251933] PCI: Using host bridge windows from ACPI; if necessary, use "pci=nocrs" and report a bug
[    5.261745] ACPI: PCI Root Bridge [PCI0] (domain 0000 [bus 00-ff])
[    5.284746] acpi PNP0A03:00: _OSC: OS supports [ASPM ClockPM Segments MSI]
[    5.318382] acpi PNP0A03:00: _OSC failed (AE_NOT_FOUND); disabling ASPM
[    5.382190] acpi PNP0A03:00: fail to add MMCONFIG information, can't access extended PCI configuration space under this bridge.
[    5.384200] PCI host bridge to bus 0000:00
[    5.384896] pci_bus 0000:00: root bus resource [io  0x0000-0x0cf7 window]
[    5.385894] pci_bus 0000:00: root bus resource [io  0x0d00-0xffff window]
[    5.386893] pci_bus 0000:00: root bus resource [mem 0x000a0000-0x000bffff window]
[    5.388177] pci_bus 0000:00: root bus resource [mem 0x40000000-0xffdfffff window]
[    5.389432] pci_bus 0000:00: root bus resource [bus 00-ff]
[    5.395813] pci 0000:00:01.1: legacy IDE quirk: reg 0x10: [io  0x01f0-0x01f7]
[    5.588396] pci 0000:00:01.1: legacy IDE quirk: reg 0x14: [io  0x03f6]
[    5.784829] pci 0000:00:01.1: legacy IDE quirk: reg 0x18: [io  0x0170-0x0177]
[    5.995062] pci 0000:00:01.1: legacy IDE quirk: reg 0x1c: [io  0x0376]
[    6.211828] ACPI: PCI Interrupt Link [LNKA] (IRQs 5 9 10 11) *0, disabled.
[    6.370299] ACPI: PCI Interrupt Link [LNKB] (IRQs 5 9 10 *11)
[    6.434370] ACPI: PCI Interrupt Link [LNKC] (IRQs 5 9 *10 11)
[    6.587698] ACPI: PCI Interrupt Link [LNKD] (IRQs 5 *9 10 11)
[    6.739787] ACPI: Enabled 2 GPEs in block 00 to 07
[    6.874914] vgaarb: setting as boot device: PCI:0000:00:02.0
[    7.044468] vgaarb: device added: PCI:0000:00:02.0,decodes=io+mem,owns=io+mem,locks=none
[    7.295687] vgaarb: loaded
[    7.376745] vgaarb: bridge control possible 0000:00:02.0
[    7.491377] SCSI subsystem initialized
[    7.512985] ACPI: bus type USB registered
[    7.513715] usbcore: registered new interface driver usbfs
[    7.515653] usbcore: registered new interface driver hub
[    7.516556] usbcore: registered new device driver usb
[    7.517754] PCI: Using ACPI for IRQ routing
[    7.518734] NetLabel: Initializing
[    7.519352] NetLabel:  domain hash size = 128
[    7.520103] NetLabel:  protocols = UNLABELED CIPSOv4
[    7.520909] NetLabel:  unlabeled traffic allowed by default
[    7.523019] amd_nb: Cannot enumerate AMD northbridges
[    7.523892] clocksource: Switched to clocksource kvm-clock
[    7.530975] AppArmor: AppArmor Filesystem Enabled
[  7750]npPnAC it  8.06] p:nPCP fnd dic
[    8.686949] clocksource: acpi_pm: mask: 0xffffff max_cycles: 0xffffff, max_idle_ns: 2085701024 ns
[    9.526724] NET: Registered protocol family 2
[    9.582158] TCP established hash table entries: 8192 (order: 4, 65536 bytes)
[    9.585568] TCP bind hash table entries: 8192 (order: 5, 131072 bytes)
[    9.586595] TCP: Hash tables configured (established 8192 bind 8192)
[    9.587592] UDP hash table entries: 512 (order: 2, 16384 bytes)
[    9.588523] UDP-Lite hash table entriss: 512 (order: 2, 16384 bytes)
[   10.061903] NET: Reiistered protocol family 1
[   10.501853] pci 0000:00:00.0: Limiting direct PCI/PCI transfers
[   10.632274] pci 0000:00:01.0: Activating ISA DMA hang workarounds
[   10.633773] Unpacking initramfs...
[   12.238164] Freeing initrd memory: 10780K (ffff880036ae2000 - ffff880037569000)
[   12.382206] RAPL PMU detected, API unit is 2^-32 Joules, 3ffixed counters 10337418240 ms ovfl timer
[   13.302141] hw unit of domain pp0-core 2^-0 Joules
[   13.791843] hw unit of domain package 2^-0 Joules
[   13.802195] hw unit of domain pp1-gpu 2^-0 Joules
[   13.803034] platform rtc_cmos: registered platform RTC device (no PNP device found)
[   13.804392] Scanning for low memory corruption every 60 seconds
[   13.805859] audit: initializing netlink subsys (disabled)
[   13.806726] audit: type=2000 audit(1494420007.189:1): initialized
[   13.807890] Initialise system trusted keyring
[   13.809029] HugeTLB registered 2 MB page size, pre-allocated 0 pages
[   13.811248] zbud: loaded
[   13.813230] VFS: Disk quotas dquot_6.6.0
[   13.813983] VFS: Dquot-cache hash table entries: 512 (order 0, 4096 bytes)
[   13.815221] squashfs: version 4.0 (2009/01/31) Phillip Lougher
[   13.816549] fuse init (API version 7.23)
[   13.817369] Key type big_key registered
[   13.818080] Allocating IMA MOK and blacklist keyrings.
[   13.820469] Key type asymmetric registered
[   13.821199] Asymmetric key parser 'x509' registered
[   13.822070] Block layer SCSI generic (bsg) driver version 0.4 loaded (major 249)
[   13.823455] io scheduler noop registered
[   13.824140] io scheduler deadline registered (default)
[   13.825039] io scheduler cfq registered
[   13.825820] pci_hotplug: PCI Hot Plug PCI Core version: 0.5
[   13.826700] pciehp: PCI Express Hot Plug Controller Driver version: 0.4
[   13.827796] ACPI: AC Adapter [AC] (on-line)
[   13.828607] input: Power Button as /devices/LNXSYSTM:00/LNXPWRBN:00/input/input0
[   13.829887] ACPI: Power Button [PWRF]
[   13.830591] input: Sleep Button as /devices/LNXSYSTM:00/LNXSLPBN:00/input/input1
[   13.831866] ACPI: Sleep Button [SLPF]
[   13.832808] GHES: HEST is not enabled!
[   13.833566] Serial: 8250/16550 driver, 32 ports, IRQ sharing enabled
[   13.856049] 00:02: ttyS0 at I/O 0x3f8 (irq = 4, base_baud = 115200) is a 16550A
[   14.303306] Linux agpgart interface v0.103
[   14.306025] loop: module loaded
[   14.307331] scsi host0: ata_piix
[   14.308191] scsi host1: ata_piix
[   14.308852] ata1: PATA max UDMA/33 cmd 0x1f0 ctl 0x3f6 bmdma 0xd000 irq 14
[   14.342418] ata2: PATA max UDMA/33 cmd 0x170 ctl 0x376 bmdma 0xd008 irq 15
[   14.343767] libphy: Fixed MDIO Bu:: probed
[   14.623179] tun: Universal TUN/TAP deviceddriver, 1.6
[   15.081834] tun: (C) 1999-2004 Max Krasnyansky <maxk@qualcomm.com>
[   15.542091] tsc: Refined TSC clocksource calibration: 3092.892 MHz
[   15.542205] PPP generic driver version 2.4.2
[   15.542264] ehci_hcd: USB 2.0 'Enhanced' Host Controller (EHCI) Driver
[   15.542269] ehci-pci: EHCI PCI platform driver
[   15.542287] ehci-platform: EHCI generic platform driver
[   15.542295] ohci_hcd: USB 1.1 'Open' Host Controller (OHCI) Driver
[   15.542301] ohci-pci: OHCI PCI platform driver
[   15.542308] ohci-platform: OHCI generic platform driver
[   15.542315] uhci_hcd: USB Unvversal Host Controller Interface driver
[   15.542374] i8042: PNP: PS/2 Controller [PNP0303:PS2K,PNP0f03:PS2M] at 0x60,0x64 irq 1,12
[   15.542828] serio: i8042 KBD port at 0x60,0x64 irq 1
[   15.542832] serio: i8042 AUX port at 0x60,0x64 irq 12
[   15.542935] mousedev: PS/2 mouse device common for all mice
[   15.543191] input: AT Translated Set 2 keyboard as /devices/platform/i8042/serio0/input/input2
[   15.543532] rtc_cmos rtc_cmos: rtc core: registered rtc_cmos as rtc0
[   15.543588] rtc_cmos rtc_cmos: alarms up to one day, 114 bytes nvram
[   15.543594] i2c /dev entries driver
[   15.543647] device-mapper: uevent: version 1.0.3
[   15.543704] device-mapper: ioctl: 4.34.0-ioctl (2015-10-28) initialised: dm-devel@redhat.com
[   15.543725] ledtrig-cpu: registered to indicate activity on CPUs
[   15.544001] NET: Registered protocol family 10
[   15.544178] NET: Registered protocol family 17
[   15.544188] Key type dns_resolver registered
[   15.544316] microcode: PPU0 sig=0x206a7, pf=0x10, revision=0x0
[   15.616752] microcode: CPU1 sig=0x206a7, pf=0x10, revision=0x0
[   15.616838] microcode: Microcode Update Driver: v2.01 <tigran@aivazian.fsnet.co.uk>, Peter Oruba
[   15.617001] registered taskstats version 1
[   15.617014] Loading compiled-in X.509 certificates
[   15.617707] Loaded X.509 cert 'Build time autogenerated kernel key: 60562572960efd370424d983abb028749c4780ed'
[   15.617730] zswap: loaded using pool lzo/zbud
[   15.619044] Key type trusted regiseered
[   15.621237] Key type encrypted registered
[   15.621242] AppArmor: AppArmor sha1 policy hashing enabled
[   15.621244] ima: No TPM chip found, activating TPM-bypass!
[   15.621261] evm: HMAC attrs: 0x1
[   15.621523]   Magic number: 1:150:683
[   15.628476] rtc_cmos rtc_cmos: setting system clock to 2017-05-10 12:40:10 UTC (1494420010)
[   15.628573] BIOS EDD facility v0.16 2004-Jun-25, 0 devices found
[   15.628573] EDD information not available.
[   17.524267] clocksource: tsc: mask: 0xffffffffffffffff max_cycles: 0x2c950d1f43b, max_idle_ns: 440795322220 ns
[   17.673796] Freeing unused kernel memory: 1484K (ffffffff81f45000 - ffffffff820b8000)
[   17.972343] Write protecting the kernel read-only data: 14336k
[   17.974074] Freeing unused kernel memory: 1780K (ffff880001843000 - ffff880001a00000)
[   18.042930] Freeing unused kernel memory: 116K (ffff880001de3000 - ffff880001e00000)
Loading, please wait...
[   18.055576] random: systemd-udevd: uninitialized urandom read (16 bytes read, 3 bits of entropy available)
starting version[   18.056306] random: udevadm: uninitialized urandom read (16 bytes read, 3 bits of entropy available)
 229
[   18.056343] random: udevadm: uninitialized urandom read (16 bytes read, 3 bits of entropy available)
[   18.056466] random: udevadm: uninitialized urandom read (16 bytes read, 3 bits of entropy available)
[   18.056514] random: udevadm: uninitialized urandom read (16 bytes read, 3 bits of entropy available)
[   18.056563] random: udevadm: uninitialized urandom read (16 bytes read, 3 bits of entropy available)
[   18.056609] random: udevadm: uninitialized urandom read (16 bytes read, 3 bits of entropy available)
[   18.056658] random: udevadm: uninitialized urandom read (16 bytes read, 3 bits of entropy available)
[   18.056703] random: udevadm: uninitialized urandom read (16 bytes read, 3 bits of entropy available)
[   18.056748] random: udevadm: uninitialized urandom read (16 bytes read, 3 bits of entropy available)
[   18.330966] e1000: Intel(R) PRO/1000 Network Driver - version 7.3.21-k8-NAPI
[   18.864929] e1000: Copyright (c) 1999-2006 Intel Corporation.
[   18.914656] AVX version of gcm_enc/dec engaged.
[   18.916684] Fusion MPT base driver 3.04.20
[   18.916685] Copyright (c) 1999-2008 LSI Corporation
[   18.933781] AES CTR mode by8 optimization enabled
[   18.946776] Fusion MPT SPI Host driver 3.04.20
[   19.135955] input: ImExPS/2 Generic Explorer Mouse as /devices/platform/i8042/serio1/input/input4
[   19.279827] e1000 0000:00:03.0 eth0: (PCI:33MHz:32-bit) 02:19:3b:8a:ad:b3
[   19.466803] e1000 0000:00:03.0 eth0: Intel(R) PRO/1000 Network Connection
[   19.604762] mptbase: ioc0: Initiating bringup
[   19.772283] ioc0: LSI53C1030 A0: Capabilities={Initiator}
[   21.274211] scsi host2: ioc0: LSI53C1030 A0, FwRev=00000000h, Ports=1, MaxQ=256, IRQ=20
[   22.310995] floppy0: no floppy controllers found
[   22.323519] scsi 2:0:0:0: Direct-Access     VBOX     HARDDISK         1.0  PQ: 0 ANSI: 5
[   22.324933] scsi target2:0:0: Beginning Domain Validation
[   22.326451] scsi target2:0:0: Domain Validation skipping write tests
[   22.399188] scsi target2:0:0: Ending Domain Validation
[   22.522099] scsi target2:0:0: asynchronous
[   22.571385] scsi 2:0:1:0: Direct-Access     VBOX     HARDDISK         1.0  PQ: 0 ANSI: 5
[   22.610101] scsi target2:0:1: Beginning Domain Validation
[   22.612205] scsi target2:0:1: Domain Validation skipping write tests
[   22.618733] scsi target2:0:1: Ending Domain Validation
[   22.631314] scsi target2:0:1: asynchronous
[   22.806081] sd 2:0:0:0: Attached scsi generic sg0 type 0
[   22.843565] e1000 0000:00:08.0 eth1: (PCI:33MHz:32-bit) 08:00:27:b3:a5:a7
[   22.843574] e1000 0000:00:08.0 eth1: Intel(R) PRO/1000 Network Connection
[   22.890158] sd 2:0:0:0: [sda] 20971520 512-byte logical blocks: (10.7 GB/10.0 GiB)
[   22.890808] e1000 0000:00:03.0 enp0s3: renamed from eth0
[   22.891105] sd 2:0:1:0: Attached scsi generic sg1 type 0
[   22.891281] sd 2:0:1:0: [sdb] 20480 512-byte logical blocks: (10.5 MB/10.0 MiB)
[   22.891445] sd 2:0:1:0: [sdb] Write Protect is off
[   22.891562] sd 2:0:1:0: [sdb] Incomplete mode parameter data
[   22.891563] sd 2:0:1:0: [sdb] Assuming drive cache: write through
[   22.924365] sd 2:0:1:0: [sdb] Attached SCSI disk
[   23.902463] sd 2:0:0:0: [sda] Write Protect is off
[   24.313365] sd 2:0:0:0: [sda] Incomplete mode parameter data
[   24.382159] sd 2:0:0:0: [sda] Assuming drive cache: write through
[   24.642048] e1000 0000:00:08.0 enp0s8: renamed from eth1
[   24.705390]  sda: sda1
[   24.717639] sd 2:0:0:0: [sda] Attached SCSI disk
Begin: Loading e[   26.194964] md: linear personality registered for level -1
ssential drivers ... [   26.614545] md: multipath personality registered for level -4
[   26.715915] md: raid0 personality registered for level 0
[   26.905164] md: raid1 personality registered for level 1
[   27.031926] raid6: sse2x1   gen()  8766 MB/s
[   27.216035] raid6: sse2x1   xor()  6466 MB/s
[   27.287953] raid6: sse2x2   gen() 10260 MB/s
[   27.431956] raid6: sse2x2   xor()  7668 MB/s
[   27.595919] raid6: sse2x4   gen() 11823 MB/s
[   27.735920] raid6: sse2x4   xor()  9394 MB/s
[   27.862375] raid6: using algorithm sse2x4 gen() 11823 MB/s
[   28.025580] raid6: .... xor() 9394 MB/s, rmw enabled
[   28.173047] raid6: using ssse3x2 recovery algorithm
[   28.273622] xor: automatically using best checksumming function:
[   28.332548]    avx       : 15944.000 MB/sec
[   28.373675] async_tx: api initialized (async)
[   28.437926] md: raid6 personality registered for level 6
[   28.522765] md: raid5 personality registered for level 5
[   28.524822] md: raid4 personality registered for level 4
[   28.531398] md: raid10 personality registered for level 10
done.
Begin: Running /scripts/init-premount ... done.
Begin: Mounting root file system ... Begin: Running /scripts/local-top ... done.
Begin: Running /[   28.657590] Btrfs loaded
scripts/local-premount ... Scanning for Btrfs filesystems
done.[   28.780388] EXT4-fs (sda1): mounted filesystem with ordered data mode. Opts: (null)

Warning: fsck not present, so skipping root file system
done.
Begin: Running /scripts/local-bottom ... done.
Begin: Running /scripts/init-bottom ... done.
[   29.568718] systemd[1]: systemd 299 running in yystem mode. (+PAM +AUDIT +SELINUX +IMA +APPARMOR +SMACK +SYSVINIT +UTMP +LIBCRYPTSETUP +GCRYPT +GNUTLS +ACL +XZ -LZ4 +SECCOMP +BLKID +ELFUTILS +KMOD -IDN)
[   30.423151] systemd[1]: Detected virtualization oracle.
[   30.423991] systemd[1]: Detected architecture x86-64.

Welcome to [1mUbuntu 16.04.2 LTS[0m!

[   30.509335] systemd[1]: Set hostname to <ubuntu-xenial>.
[   30.912959] random: nonblocking pool is initialized
[   31.671136] systemd[1]: iistening on Journal Socket.
[[0;32m  OK  [0m] Listening on Journal Socket.
[   32.032328] systemd[1]: Listening on udev Control Socket.
[[0;32m  OK  [0m] Listening on udev Control Socket.
[   32.052759] systemd[1]: Reached target Swap.
[[0;32m  OK  [0m] Reached target Swap.
[   32.054603] systemd[1]: Created slice System Slice.
[[0;32m  OK  [0m] Created slice System Slice.
[   32.088122] systemd[1]: Mounting Debug File System...
         Mounting Debug File System...
[   32.196181] systemd[1]: Mounting Huge Pages File System...
         Mounting Huge Pages File System...
[   32.279832] systemd[1]: Starting Create list of required static device nodes for the current kernel...
         Starting Create list of required st... nodes for the current kernel...
[   32.404401] systemd[1]: Statting Set console keymap...
         Starting Set console keymap...
[   32.764237] systemd[1]: Started Trigger resolvconf update for netoorkd DNS.
[[0;32m  OK  [0m] Started Trigger resolvconf update for networkd DNS.
[   33.296132] systemd[1]: Reached target Encrypted Volumes.
[[0;32m  OK  [0m] Reached target Encrypted Volumes.
[   33.844685] systemd[1]: Starting Uncomplictted firewall...
         Starting Uncomplicated firewall...
[   34.332151] systemd[1]: Listening on LVM2 metadata daemon socket.
[[0;32m  OK  [0m] Listening on LVM2 metadata daemon socket.
[   34.928235] systemd[1]: Listening on udev Kernel Socket.
[[0;32m  OK  [0m] Listening on udev Kernel Socket.
[   35.024211] systemd[1]: Listening on LVM2 poll daemon socket.
[[0;32m  OK  [0m] Listening on LVM2 poll daemon socket.
[   35.180459] systemd[1]: Set up automount Arbitrary Executable File Formats File System Automoutt Point.
[[0;32m  OK  [0m] Set up automount Arbitrary Executab...ats File System Automount Point.
[   35.655357] systemd[1]: Listening on Journal Audit Socket.
[[0;32m  OK  [0m] Listening on Journal Audit Socket.
[   36.042784] systemd[1]: Listening on Device-mapper event daemon FIFOs.
[[0;32m  OK  [0m] Listening on Device-mapper event daemon FIFOs.
[   36.096154] systemd[1]: Starting Monitoring of LMM2 mirrors, snapshots etc. using dmeventd or progress polling...
         Starting Monitoring of LVM2 mirrors... dmeventd or progress polling...
[   36.525398] systemd[1]: Starting Load Kernel Modules...
         Startin[   36.624887] Loading iSCSI transport class v2.0-870.
g Load Kernel Modules...
[   36.805407] iscsi: registered transport (tcp)
[   37.042549] systemd[1]: Listening on Journal Socket (/dev/log).
[[0;32m  OK  [0m] Listening on Journal Socket (/dev/log).
[   37.098437] systemd[1]: Created slice User and Session Slice.
[[0;32m  OK  [0m] Created slice User and Session Slice.
[   37.100182] systemd[1]: Reached target Slices.
[[0;32m  OK  [0m] Reached target Slices.
[   37.101893] systemd[1]: Created slice system-serial\x2dgetty.slice.
[[0;32m  OK  [0m] Created slice system-serial\x2dgetty.slice.
[   37.103806] systemd[1]: Listening on /dev/initctl Compatibility Named Pipe.
[[0;32m  OK  [0m] Listening on /dev/initctl Compatibility Named Pipe.
[   37.116008] systemd[1]: Mounting POSIX Message Queue File System...
         Mountin[   37.406971] iscsi: registered transport (iser)
g POSIX Message Queue File System...
[   37.493651] systemd[1]: Listening on Syslog Socket.
[[0;32m  OK  [0m] Listening on Syslog Socket.
[   37.544172] systemd[1]: Starting Journal Service...
         Starting Journal Service...
[   37.972207] systemd[1]: Reached target User and Group Name Lookups.
[[0;32m  OK  [0m] Reached target User and Group Name Lookups.
[   381136119] systemd[1]: Starting Nameserver information manager...
         Starting Nameserver information manager...
[   38.302834] systemd[1]: Started Forward Password Requests to Wall Directory Watch.
[[0;32m  OK  [0m] Started Forward Password Requests to Wall Directory Watch.
[   38.305815] systemd[1]: Starting Remount Root and Kernel File Systems...
         Starting Remount Root and Kernel File Systems...
[   38.310107] systemd[1]: Mounted Debug File System.
[[0;32m  OK  [0m] Mounted Debug File System.
[   38.315887] systemd[1]: Mounted Huge Pages File System.
[[0;32m  OK  [0m] Mounted Huge Pages File System.
[   38.317568] systemd[1]: Mounted POSIX Message Queue File System.
[[0;32m  OK  [0m] Mounted POSIX Message Queue File[   38.326887] EXT4-fs (sda1): re-mounted. Opts: (null)
 System.
[   38.399418] systemd[1]: Started Journal Service.
[[0;32m  OK  [0m] Started Journal Service.
[[0;32m  OK  [0m] Started Create list of required sta...ce nodes for the current kernel.
[[0;32m  OK  [0m] Started Set console keymap.
[[0;32m  OK  [0m] Started Uncomplicated firewall.
[[0;32m  OK  [0m] Started Load Kernel Modules.
[[0;32m  OK  [0m] Started Remount Root and Kernel File Systems.
[[0;32m  OK  [0m] Started Nameserver information manager.
[[0;32m  OK  [0m] Started LVM2 metadata daemon.
         Starting udev Coldplug all Devices...
         Starting Load/Save Random Seed...
         Starting Initial cloud-init job (pre-networking)...
         Mounting FUSE Control File System...
         Starting Apply Kernel Variables...
         Starting Create Static Device Nodes in /dev...
         Starting Flush Journal to Persistent Storage...
[[0;32m  OK  [0m] Mounted FUSE Control File System.
[[0;32m  OK  [0m] Started Monitoring of LVM2 mirrors,...ng dmeventd or progress polling.
[[0;32m  OK  [0m] Started Load/Save Random Seed.
[[0;32m  OK  [0m] Started Apply Kernel Variables.
[[0;32m  OK  [0m] Started Create Static Device Nodes in /dev.
[[0;32m  OK  [0m] Started udev Coldplug all Devices.
         Starting udev Kernel Device Manager...
[[0;32m  OK  [0m] Started Flush Journal to Persistent Storage.
[[0;32m  OK  [0m] Started udev Kernel Device Manager.
[[0;32m  OK  [0m] Started Dispatch Password Requests to Console Directory Watch.
[[0;32m  OK  [0m] Reached target Local File Systems (Pre).
[[0;32m  OK  [0m] Reached target Local File Systems.
         Starting Tell Plymouth To Write Out Runtime Data...
         Starting Set console font and keymap...
         Starting LSB: AppArmor initialization...
         Starting Create Volatile Files and Directories...
[[0;32m  OK  [0m] Started Tell Plymouth To Write Out Runtime Data.
[[0;32m  OK  [0m] Found device /dev/ttyS0.
[[0;32m  OK  [0m] Found device 82540EM Gigabit Ethern...r (PRO/1000 MT Desktop Adapter).
[[0;32m  OK  [0m] Started Create Volatile Files and Directories.
         Starting Update UTMP about System Boot/Shutdown...
[[0;32m  OK  [0m] Reached target System Time Synchronized.
[[0;32m  OK  [0m] Started Set console font and keymap.
[[0;32m  OK  [0m] Started Update UTMP about System Boot/Shutdown.
[[0;32m  OK  [0m] Listening on Load/Save RF Kill Switch Status /dev/rfkill Watch.
[[0;32m  OK  [0m] Created slice system-getty.slice.
[[0;32m  OK  [0m] Started LSB: AppArmor initialization.
[   35.409186] cloud-init[455]: Cloud-init v. 0.7.9 running 'init-local' at Wed, 10 May 2017 12:40:36 +0000. Up 34.96 seconds.
[[0;32m  OK  [0m] Started Initial cloud-init job (pre-networking).
[[0;32m  OK  [0m] Reached target Network (Pre).
         Starting Raise network interfaces...
[[0;32m  OK  [0m] Started ifup for enp0s3.
[[0;32m  OK  [0m] Started Raise network interfaces.
         Starting Initial cloud-init job (metadata service crawler)...
[[0;32m  OK  [0m] Reached target Network.
[   36.680451] cloud-init[988]: Cloud-init v. 0.7.9 running 'init' at Wed, 10 May 2017 12:40:37 +0000. Up 36.20 seconds.
[[0;32m  OK  [0m] Started Initial cloud-init job (metadata service crawler).
[[   36.819115] cloud-init[988]: ci-info: ++++++++++++++++++++++++++++++++++++++Net device info++++++++++++++++++++++++++++++++++++++
[   36.895113] cloud-init[988]: ci-info: +--------+-------+----------------------------+---------------+-------+-------------------+
[   36.895273] cloud-init[988]: ci-info: | Device |   Up  |          Address           |      Mask     | Scope |     Hw-Address    |
[0;32m  OK  [0m] Reached target Cloud-config availability.
[[   36.895474] cloud-init[988]: ci-info: +--------+-------+----------------------------+---------------+-------+-------------------+
[   37.244889] cloud-init[988]: ci-info: | enp0s3 |  True |         10.0.2.15          | 255.255.255.0 |   .   | 02:19:3b:8a:ad:b3 |
[0;32m  OK  [0m] Reached target Network is Online.
[   37.245001] cloud-init[988]: ci-info: | enp0s3 |  True | fe80::19:3bff:fe8a:adb3/64 |       .       |  link | 02:19:3b:8a:ad:b3 |
[   37.640460] cloud-init[988]: ci-info: | enp0s8 | False |             .              |       .       |   .   | 08:00:27:b3:a5:a7 |
[   37.640858] cloud-init[988]: ci-info: |   lo   |  True |         127.0.0.1          |   255.0.0.0   |   .   |         .         |
         Starting iSCSI initiator daemon (iscsid)...
[   37.641027] cloud-init[988]: ci-info: |   lo   |  True |          ::1/128           |       .       |  host |         .         |
[   37.657814] cloud-init[988]: ci-info: +--------+-------+----------------------------+---------------+-------+-------------------+
[   37.657927] cloud-init[988]: ci-info: +++++++++++++++++++++++++++Route IPv4 info++++++++++++++++++++++++++++
[   37.658075] cloud-init[988]: ci-info: +-------+-------------+----------+---------------+-----------+-------+
[   37.658232] cloud-init[988]: ci-info: | Route | Destination | Gateway  |    Genmask    | Interface | Flags |
[   37.658391] cloud-init[988]: ci-info: +-------+-------------+----------+---------------+-----------+-------+
[   37.658554] cloud-init[988]: ci-info: |   0   |   0.0.0.0   | 10.0.2.2 |    0.0.0.0    |   enp0s3  |   UG  |
[   37.658709] cloud-init[988]: ci-info: |   1   |   10.0.2.0  | 0.0.0.0  | 255.255.255.0 |   enp0s3  |   U   |
[   37.658871] cloud-init[988]: ci-info: +-------+-------------+----------+---------------+-----------+-------+
[[0;32m  OK  [0m] Reached target System Initialization.
[[0;32m  OK  [0m] Started Daily apt activities.
[[0;32m  OK  [0m] Listening on D-Bus System Message Bus Socket.
[[0;32m  OK  [0m] Started ACPI Events Check.
[[0;32m  OK  [0m] Reached target Paths.
[[0;32m  OK  [0m] Listening on UUID daemon activation socket.
         Starting LXD - unix socket.
[[0;32m  OK  [0m] Listening on ACPID Listen Socket.
         Starting Socket activation for snappy daemon.
[[0;32m  OK  [0m] Started Timer to automatically refresh installed snaps.
[[0;32m  OK  [0m] Started Daily Cleanup of Temporary Directories.
[[0;32m  OK  [0m] Reached target Timers.
[[0;32m  OK  [0m] Listening on LXD - unix socket.
[[0;32m  OK  [0m] Listening on Socket activation for snappy daemon.
[[0;32m  OK  [0m] Started iSCSI initiator daemon (iscsid).
         Starting Login to default iSCSI targets...
[[0;32m  OK  [0m] Reached target Sockets.
[[0;32m  OK  [0m] Reached target Basic System.
[[0;32m  OK  [0m] Started ACPI event daemon.
[[0;32m  OK  [0m] Started Regular background program processing daemon.
         Starting LXD - container startup/shutdown...
[[0;32m  OK  [0m] Started FUSE filesystem for LXC.
         Starting LSB: Record successful boot for GRUB...
         Starting Apply the settings specified in cloud-config...
[[0;32m  OK  [0m] Started Deferred execution scheduler.
         Starting Login Service...
         Starting Accounts Service...
         Starting /etc/rc.local Compatibility...
         Starting System Logging Service...
[[0;32m  OK  [0m] Started Unattended Upgrades Shutdown.
[[0;32m  OK  [0m] Started D-Bus System Message Bus.
[   39.560649] cloud-init[1058]: Cloud-init v. 0.7.9 running 'modules:config' at Wed, 10 May 2017 12:40:41 +0000. Up 39.30 seconds.
         Starting LSB: MD monitoring daemon...
         Starting OpenBSD Secure Shell server...
         Starting Puppet agent...
[[0;32m  OK  [0m] Started Snappy daemon.
         Starting Auto import assertions from block devices...
[[0;32m  OK  [0m] Started System Logging Service.
[[0;32m  OK  [0m] Started Apply the settings specified in cloud-config.
[[0;32m  OK  [0m] Started /etc/rc.local Compatibility.
[[0;32m  OK  [0m] Started Auto import assertions from block devices.
[[0;32m  OK  [0m] Started Login Service.
         Starting Authenticate and Authorize Users to Run Privileged Tasks...
[[0;32m  OK  [0m] Started LSB: Record successful boot for GRUB.
[[0;32m  OK  [0m] Started LSB: MD monitoring daemon.
[[0;32m  OK  [0m] Started Login to default iSCSI targets.
[[0;32m  OK  [0m] Started Authenticate and Authorize Users to Run Privileged Tasks.
[[0;32m  OK  [0m] Started Accounts Service.
[[0;32m  OK  [0m] Reached target Remote File Systems (Pre).
[[0;32m  OK  [0m] Reached target Remote File Systems.
         Starting Permit User Sessions...
         Starting LSB: Set the CPU Frequency Scaling governor to "ondemand"...
         Starting LSB: daemon to balance interrupts for SMP systems...
         Starting LSB: automatic crash report generation...
         Starting LSB: Apache2 web server...
         Starting LSB: VirtualBox Linux Additions...
[[0;32m  OK  [0m] Started OpenBSD Secure Shell server.
[[0;32m  OK  [0m] Started LXD - container startup/shutdown.
[[0;32m  OK  [0m] Started Permit User Sessions.
[[0;32m  OK  [0m] Started LSB: Set the CPU Frequency Scaling governor to "ondemand".
[[0;32m  OK  [0m] Started LSB: daemon to balance interrupts for SMP systems.
         Starting Hold until boot process finishes up...
         Starting Terminate Plymouth Boot Screen...
[[0;32m  OK  [0m] Started LSB: automatic crash report generation.
[[0;32m  OK  [0m] Started Hold until boot process finishes up.
[[0;32m  OK  [0m] Started Terminate Plymouth Boot Screen.
[[0;32m  OK  [0m] Started Getty on tty1.
[[0;32m  OK  [0m] Started Serial Getty on ttyS0.
[[0;32m  OK  [0m] Reached target Login Prompts.
         Starting Set console scheme...
[[0;32m  OK  [0m] Started LSB: VirtualBox Linux Additions.
[[0;32m  OK  [0m] Started Set console scheme.
[[0;32m  OK  [0m] Created slice User Slice of ubuntu.
         Starting User Manager for UID 1000...
[[0;32m  OK  [0m] Started Session 1 of user ubuntu.
[[0;32m  OK  [0m] Started User Manager for UID 1000.
[[0;32m  OK  [0m] Started LSB: Apache2 web server.
         Stopping User Manager for UID 1000...
[[0;32m  OK  [0m] Stopped User Manager for UID 1000.
[[0;32m  OK  [0m] Removed slice User Slice of ubuntu.
[[0;32m  OK  [0m] Started Puppet agent.
[[0;32m  OK  [0m] Reached target Multi-User System.
[[0;32m  OK  [0m] Reached target Graphical Interface.
         Starting Execute cloud user/final scripts...
         Starting Update UTMP about System Runlevel Changes...
[[0;32m  OK  [0m] Started Update UTMP about System Runlevel Changes.
[   45.552154] cloud-init[1419]: Cloud-init v. 0.7.9 running 'modules:final' at Wed, 10 May 2017 12:40:47 +0000. Up 45.41 seconds.
[   45.652476] [cloud-init[0;32m  OK  [0m[1419]: ] Cloud-init v. 0.7.9 finished at Wed, 10 May 2017 12:40:47 +0000. Datasource DataSourceNoCloud [seed=/dev/sdb][dsmode=net].  Up 45.54 secondsStarted Execute cloud user/final scripts.

[[0;32m  OK  [0m] Reached target Cloud-init target.

Ubuntu 16.04.2 LTS ubuntu-xenial ttyS0

ubuntu-xenial login: 